[debug] [2023-10-15T22:40:14.719Z] ----------------------------------------------------------------------
[debug] [2023-10-15T22:40:14.735Z] Command:       /Users/roseline/.nvm/versions/node/v20.8.1/bin/node /Users/roseline/.nvm/versions/node/v20.8.1/bin/firebase init
[debug] [2023-10-15T22:40:14.736Z] CLI Version:   12.7.0
[debug] [2023-10-15T22:40:14.736Z] Platform:      darwin
[debug] [2023-10-15T22:40:14.737Z] Node Version:  v20.8.1
[debug] [2023-10-15T22:40:14.737Z] Time:          Sun Oct 15 2023 23:40:14 GMT+0100 (West Africa Standard Time)
[debug] [2023-10-15T22:40:14.737Z] ----------------------------------------------------------------------
[debug] 
[debug] [2023-10-15T22:40:14.745Z] > command requires scopes: ["email","openid","https://www.googleapis.com/auth/cloudplatformprojects.readonly","https://www.googleapis.com/auth/firebase","https://www.googleapis.com/auth/cloud-platform"]
[debug] [2023-10-15T22:40:14.752Z] > authorizing via signed-in user (roselinemorenikejic@gmail.com)
[info] 
     ######## #### ########  ######## ########     ###     ######  ########
     ##        ##  ##     ## ##       ##     ##  ##   ##  ##       ##
     ######    ##  ########  ######   ########  #########  ######  ######
     ##        ##  ##    ##  ##       ##     ## ##     ##       ## ##
     ##       #### ##     ## ######## ########  ##     ##  ######  ########

You're about to initialize a Firebase project in this directory:

  /Users/roseline/Desktop/test

[info] 
=== Project Setup
[info] 
[info] First, let's associate this project directory with a Firebase project.
[info] You can create multiple project aliases by running firebase use --add, 
[info] but for now we'll just set up a default project.
[info] 
[debug] [2023-10-15T22:59:04.120Z] >>> [apiv2][query] GET https://firebase.googleapis.com/v1beta1/projects pageSize=100
[debug] [2023-10-15T22:59:05.322Z] <<< [apiv2][status] GET https://firebase.googleapis.com/v1beta1/projects 200
[debug] [2023-10-15T22:59:05.322Z] <<< [apiv2][body] GET https://firebase.googleapis.com/v1beta1/projects [omitted]
[info] i  Using project test-roselinemo (test) 
[info] 
=== Hosting Setup
[info] 
[info] Your public directory is the folder (relative to your project directory) that
[info] will contain Hosting assets to be uploaded with firebase deploy. If you
[info] have a build process for your assets, use your build's output directory.
[info] 
[info] ✔  Wrote public/404.html 
[debug] [2023-10-15T23:01:30.871Z] >>> [apiv2][query] GET https://www.gstatic.com/firebasejs/releases.json [none]
[debug] [2023-10-15T23:01:31.188Z] <<< [apiv2][status] GET https://www.gstatic.com/firebasejs/releases.json 200
[debug] [2023-10-15T23:01:31.188Z] <<< [apiv2][body] GET https://www.gstatic.com/firebasejs/releases.json {"current":{"version":"10.5.0","browserURL":"https://www.gstatic.com/firebasejs/10.5.0/firebase.js","packageURL":"https://www.gstatic.com/firebasejs/10.5.0/firebase.tgz"},"live":{"version":"10.5","browserURL":"https://www.gstatic.com/firebasejs/live/10.5/firebase.js","packageURL":"https://www.gstatic.com/firebasejs/live/10.5/firebase.tgz"},"components":{"analytics":"https://www.gstatic.com/firebasejs/10.5.0/firebase-analytics.js","app":"https://www.gstatic.com/firebasejs/10.5.0/firebase-app.js","app-check":"https://www.gstatic.com/firebasejs/10.5.0/firebase-app-check.js","auth":"https://www.gstatic.com/firebasejs/10.5.0/firebase-auth.js","auth/cordova":"https://www.gstatic.com/firebasejs/10.5.0/firebase-auth/cordova.js","functions":"https://www.gstatic.com/firebasejs/10.5.0/firebase-functions.js","firestore":"https://www.gstatic.com/firebasejs/10.5.0/firebase-firestore.js","firestore/lite":"https://www.gstatic.com/firebasejs/10.5.0/firebase-firestore/lite.js","installations":"https://www.gstatic.com/firebasejs/10.5.0/firebase-installations.js","storage":"https://www.gstatic.com/firebasejs/10.5.0/firebase-storage.js","performance":"https://www.gstatic.com/firebasejs/10.5.0/firebase-performance.js","remote-config":"https://www.gstatic.com/firebasejs/10.5.0/firebase-remote-config.js","messaging":"https://www.gstatic.com/firebasejs/10.5.0/firebase-messaging.js","messaging/sw":"https://www.gstatic.com/firebasejs/10.5.0/firebase-messaging/sw.js","database":"https://www.gstatic.com/firebasejs/10.5.0/firebase-database.js","firestore.memory":"https://www.gstatic.com/firebasejs/10.5.0/firebase-firestore.memory.js"}}
[info] i  Skipping write of public/index.html 
[info] 
[info] i  Detected a .git folder at /Users/roseline 
[info] i  Authorizing with GitHub to upload your service account to a GitHub repository's secrets store. 
[info] 
[info] Visit this URL on this device to log in:
[info] https://github.com/login/oauth/authorize?client_id=89cf50f02ac6aaed3484&state=988200258&redirect_uri=http%3A%2F%2Flocalhost%3A9005&scope=read%3Auser%20repo%20public_repo
[info] 
[info] Waiting for authentication...
[debug] [2023-10-15T23:04:10.011Z] >>> [apiv2][query] POST https://github.com/login/oauth/access_token [none]
[debug] [2023-10-15T23:04:10.015Z] >>> [apiv2][body] POST https://github.com/login/oauth/access_token [stream]
[debug] [2023-10-15T23:04:10.744Z] <<< [apiv2][status] POST https://github.com/login/oauth/access_token 200
[debug] [2023-10-15T23:04:10.744Z] <<< [apiv2][body] POST https://github.com/login/oauth/access_token {"access_token":"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","token_type":"bearer","scope":"read:user,repo"}
[debug] [2023-10-15T23:04:10.765Z] >>> [apiv2][query] GET https://api.github.com/user [none]
[debug] [2023-10-15T23:04:11.494Z] <<< [apiv2][status] GET https://api.github.com/user 200
[debug] [2023-10-15T23:04:11.494Z] <<< [apiv2][body] GET https://api.github.com/user {"login":"RoselineMo","id":109738039,"node_id":"U_kgDOBop4Nw","avatar_url":"https://avatars.githubusercontent.com/u/109738039?v=4","gravatar_id":"","url":"https://api.github.com/users/RoselineMo","html_url":"https://github.com/RoselineMo","followers_url":"https://api.github.com/users/RoselineMo/followers","following_url":"https://api.github.com/users/RoselineMo/following{/other_user}","gists_url":"https://api.github.com/users/RoselineMo/gists{/gist_id}","starred_url":"https://api.github.com/users/RoselineMo/starred{/owner}{/repo}","subscriptions_url":"https://api.github.com/users/RoselineMo/subscriptions","organizations_url":"https://api.github.com/users/RoselineMo/orgs","repos_url":"https://api.github.com/users/RoselineMo/repos","events_url":"https://api.github.com/users/RoselineMo/events{/privacy}","received_events_url":"https://api.github.com/users/RoselineMo/received_events","type":"User","site_admin":false,"name":"Roseline Morenikeji","company":null,"blog":"","location":"Lagos, NG","email":"roselinemorenikejic@gmail.com","hireable":null,"bio":"Software engineer 💙 Vanilla CSS, JavaScript, ReactJS | Learning at AltSchool Africa","twitter_username":"RoselineMo_","public_repos":27,"public_gists":1,"followers":34,"following":20,"created_at":"2022-07-21T12:03:55Z","updated_at":"2023-10-03T14:13:53Z","private_gists":1,"total_private_repos":6,"owned_private_repos":6,"disk_usage":30522,"collaborators":0,"two_factor_authentication":false,"plan":{"name":"free","space":976562499,"collaborators":0,"private_repos":10000}}
[info] 
[info] ✔  Success! Logged into GitHub as RoselineMo 
[info] 
